2025-03-21 13:36:11,138 - INFO - Starting name extraction...
2025-03-21 13:36:11,139 - INFO - Exploring prefix: a
2025-03-21 13:36:11,332 - INFO - Exploring prefix: aa
2025-03-21 13:36:11,496 - INFO - Exploring prefix: aaa
2025-03-21 13:36:12,297 - INFO - Exploring prefix: aab
2025-03-21 13:36:13,138 - INFO - Exploring prefix: aac
2025-03-21 13:36:13,907 - INFO - Exploring prefix: aad
2025-03-21 13:36:14,736 - INFO - Exploring prefix: aae
2025-03-21 13:36:15,540 - INFO - Exploring prefix: aaf
2025-03-21 13:36:16,370 - INFO - Exploring prefix: aag
2025-03-21 13:36:17,136 - INFO - Exploring prefix: aah
2025-03-21 13:36:17,970 - INFO - Exploring prefix: aai
2025-03-21 13:36:18,770 - INFO - Exploring prefix: aaj
2025-03-21 13:36:19,581 - INFO - Exploring prefix: aak
2025-03-21 13:36:20,339 - INFO - Exploring prefix: aal
2025-03-21 13:36:21,138 - INFO - Exploring prefix: aam
2025-03-21 13:36:21,968 - INFO - Exploring prefix: aan
2025-03-21 13:36:22,732 - INFO - Exploring prefix: aao
2025-03-21 13:36:23,532 - INFO - Exploring prefix: aap
2025-03-21 13:36:24,345 - INFO - Exploring prefix: aaq
2025-03-21 13:36:25,137 - INFO - Exploring prefix: aar
2025-03-21 13:36:25,897 - INFO - Exploring prefix: aas
2025-03-21 13:36:26,655 - INFO - Exploring prefix: aat
2025-03-21 13:36:27,498 - INFO - Exploring prefix: aau
2025-03-21 13:36:28,338 - INFO - Exploring prefix: aav
2025-03-21 13:36:29,169 - INFO - Exploring prefix: aaw
2025-03-21 13:36:29,973 - INFO - Exploring prefix: aax
2025-03-21 13:36:30,771 - INFO - Exploring prefix: aay
2025-03-21 13:36:31,569 - INFO - Exploring prefix: aaz
2025-03-21 13:36:32,973 - INFO - Exploring prefix: ab
2025-03-21 13:36:33,147 - INFO - Exploring prefix: aba
2025-03-21 13:36:33,936 - INFO - Exploring prefix: abb
2025-03-21 13:36:34,770 - INFO - Exploring prefix: abc
2025-03-21 13:36:35,540 - INFO - Exploring prefix: abd
2025-03-21 13:36:36,378 - INFO - Exploring prefix: abe
2025-03-21 13:36:37,210 - INFO - Exploring prefix: abf
2025-03-21 13:36:38,022 - INFO - Exploring prefix: abg
2025-03-21 13:36:38,859 - INFO - Exploring prefix: abh
2025-03-21 13:36:39,667 - INFO - Exploring prefix: abi
2025-03-21 13:36:40,469 - INFO - Exploring prefix: abj
2025-03-21 13:36:41,256 - INFO - Exploring prefix: abk
2025-03-21 13:36:42,056 - INFO - Exploring prefix: abl
2025-03-21 13:36:42,856 - INFO - Exploring prefix: abm
2025-03-21 21:28:49,316 - INFO - Starting name extraction...
2025-03-21 21:28:49,316 - INFO - Exploring prefix: a
2025-03-21 21:28:49,494 - INFO - Exploring prefix: aa
2025-03-21 21:28:49,658 - INFO - Exploring prefix: aaa
2025-03-21 21:28:50,429 - INFO - Exploring prefix: aab
2025-03-21 21:28:51,211 - INFO - Exploring prefix: aac
2025-03-21 21:28:52,007 - INFO - Exploring prefix: aad
2025-03-21 21:28:52,829 - INFO - Exploring prefix: aae
2025-03-21 21:28:53,654 - INFO - Exploring prefix: aaf
2025-03-21 21:28:54,423 - INFO - Exploring prefix: aag
2025-03-21 21:28:55,187 - INFO - Exploring prefix: aah
2025-03-21 21:28:55,937 - INFO - Exploring prefix: aai
2025-03-21 21:28:56,773 - INFO - Exploring prefix: aaj
2025-03-21 21:28:57,620 - INFO - Exploring prefix: aak
2025-03-21 21:28:58,403 - INFO - Exploring prefix: aal
2025-03-21 21:28:59,167 - INFO - Exploring prefix: aam
2025-03-21 21:29:00,016 - INFO - Exploring prefix: aan
2025-03-21 21:29:00,816 - INFO - Exploring prefix: aao
2025-03-21 21:29:04,672 - INFO - Exploring prefix: aap
2025-03-21 21:29:05,450 - INFO - Exploring prefix: aaq
2025-03-21 21:29:06,249 - INFO - Exploring prefix: aar
2025-03-21 21:29:07,013 - INFO - Exploring prefix: aas
2025-03-21 21:29:07,826 - INFO - Exploring prefix: aat
2025-03-21 21:29:08,606 - INFO - Exploring prefix: aau
2025-03-21 21:29:09,373 - INFO - Exploring prefix: aav
2025-03-21 21:29:10,215 - INFO - Exploring prefix: aaw
2025-03-21 21:29:11,016 - INFO - Exploring prefix: aax
2025-03-21 21:29:11,813 - INFO - Exploring prefix: aay
2025-03-21 21:29:12,609 - INFO - Exploring prefix: aaz
2025-03-21 21:29:14,010 - INFO - Exploring prefix: ab
2025-03-21 21:29:14,210 - INFO - Exploring prefix: aba
2025-03-21 21:29:14,970 - INFO - Exploring prefix: abb
2025-03-21 21:29:15,778 - INFO - Exploring prefix: abc
2025-03-21 21:29:16,571 - INFO - Exploring prefix: abd
2025-03-21 21:29:17,337 - INFO - Exploring prefix: abe
2025-03-21 21:29:18,129 - INFO - Exploring prefix: abf
2025-03-21 21:29:18,893 - INFO - Exploring prefix: abg
2025-03-21 21:29:19,657 - INFO - Exploring prefix: abh
2025-03-21 21:29:20,456 - INFO - Exploring prefix: abi
2025-03-21 21:29:21,252 - INFO - Exploring prefix: abj
2025-03-21 21:29:22,050 - INFO - Exploring prefix: abk
2025-03-21 21:29:22,847 - INFO - Exploring prefix: abl
2025-03-21 21:29:23,658 - INFO - Exploring prefix: abm
2025-03-21 21:29:24,489 - INFO - Exploring prefix: abn
2025-03-21 21:29:25,289 - INFO - Exploring prefix: abo
2025-03-21 21:29:26,090 - INFO - Exploring prefix: abp
2025-03-21 21:29:26,897 - INFO - Exploring prefix: abq
2025-03-21 21:29:27,696 - INFO - Exploring prefix: abr
2025-03-21 21:29:28,455 - INFO - Exploring prefix: abs
2025-03-21 21:29:29,250 - INFO - Exploring prefix: abt
2025-03-21 21:29:30,066 - INFO - Exploring prefix: abu
2025-03-21 21:29:30,895 - INFO - Exploring prefix: abv
2025-03-21 21:29:31,701 - INFO - Exploring prefix: abw
2025-03-21 21:29:32,490 - INFO - Exploring prefix: abx
2025-03-21 21:29:33,257 - INFO - Exploring prefix: aby
2025-03-21 21:29:34,093 - INFO - Exploring prefix: abz
2025-03-21 21:29:35,513 - INFO - Exploring prefix: ac
2025-03-21 21:29:35,643 - INFO - Exploring prefix: aca
2025-03-21 21:29:36,416 - INFO - Exploring prefix: acb
2025-03-21 21:29:37,172 - INFO - Exploring prefix: acc
2025-03-21 21:29:37,930 - INFO - Exploring prefix: acd
2025-03-21 21:29:38,731 - INFO - Exploring prefix: ace
2025-03-21 21:29:39,536 - INFO - Exploring prefix: acf
2025-03-21 21:29:40,332 - INFO - Exploring prefix: acg
2025-03-21 21:29:41,148 - INFO - Exploring prefix: ach
2025-03-21 21:29:41,939 - INFO - Exploring prefix: aci
2025-03-21 21:29:42,690 - INFO - Exploring prefix: acj
2025-03-21 21:29:43,497 - INFO - Exploring prefix: ack
2025-03-21 21:29:44,294 - INFO - Exploring prefix: acl
2025-03-21 21:29:45,106 - INFO - Exploring prefix: acm
2025-03-21 21:29:45,928 - INFO - Exploring prefix: acn
2025-03-21 21:29:46,740 - INFO - Exploring prefix: aco
2025-03-21 21:29:47,528 - INFO - Exploring prefix: acp
2025-03-21 21:29:48,348 - INFO - Exploring prefix: acq
2025-03-21 21:29:49,136 - INFO - Exploring prefix: acr
2025-03-21 21:29:49,937 - INFO - Exploring prefix: acs
2025-03-21 21:29:50,728 - INFO - Exploring prefix: act
2025-03-21 21:29:51,539 - INFO - Exploring prefix: acu
2025-03-21 21:29:52,336 - INFO - Exploring prefix: acv
2025-03-21 21:29:53,147 - INFO - Exploring prefix: acw
2025-03-21 21:29:53,949 - INFO - Exploring prefix: acx
2025-03-21 21:29:54,735 - INFO - Exploring prefix: acy
2025-03-21 21:29:55,569 - INFO - Exploring prefix: acz
2025-03-21 21:29:56,996 - INFO - Exploring prefix: ad
2025-03-21 21:29:57,211 - INFO - Exploring prefix: ada
2025-03-21 21:29:57,971 - INFO - Exploring prefix: adb
2025-03-21 21:29:58,815 - INFO - Exploring prefix: adc
2025-03-21 21:29:59,573 - INFO - Exploring prefix: add
2025-03-21 21:30:00,386 - INFO - Exploring prefix: ade
2025-03-21 21:30:01,170 - INFO - Exploring prefix: adf
2025-03-21 21:30:01,972 - INFO - Exploring prefix: adg
2025-03-21 21:30:02,777 - INFO - Exploring prefix: adh
2025-03-21 21:30:03,573 - INFO - Exploring prefix: adi
2025-03-21 21:30:04,374 - INFO - Exploring prefix: adj
2025-03-21 21:30:05,171 - INFO - Exploring prefix: adk
2025-03-21 21:30:05,971 - INFO - Exploring prefix: adl
2025-03-21 21:30:06,815 - INFO - Exploring prefix: adm
2025-03-21 21:30:07,613 - INFO - Exploring prefix: adn
2025-03-21 21:30:08,372 - INFO - Exploring prefix: ado
2025-03-21 21:30:09,175 - INFO - Exploring prefix: adp
2025-03-21 21:30:09,971 - INFO - Exploring prefix: adq
2025-03-21 21:30:10,818 - INFO - Exploring prefix: adr
2025-03-21 21:30:11,625 - INFO - Exploring prefix: ads
2025-03-21 21:30:12,415 - INFO - Exploring prefix: adt
2025-03-21 21:30:13,214 - INFO - Exploring prefix: adu
2025-03-21 21:30:14,015 - INFO - Exploring prefix: adv
2025-03-21 21:30:14,817 - INFO - Exploring prefix: adw
2025-03-21 21:30:15,614 - INFO - Exploring prefix: adx
2025-03-21 21:30:16,410 - INFO - Exploring prefix: ady
2025-03-21 21:30:17,217 - INFO - Exploring prefix: adz
2025-03-21 21:30:18,583 - INFO - Exploring prefix: ae
2025-03-21 21:30:18,770 - INFO - Exploring prefix: aea
2025-03-21 21:30:19,531 - INFO - Exploring prefix: aeb
2025-03-21 21:30:20,329 - INFO - Exploring prefix: aec
2025-03-21 21:30:21,139 - INFO - Exploring prefix: aed
2025-03-21 21:30:21,932 - INFO - Exploring prefix: aee
2025-03-21 21:30:22,699 - INFO - Exploring prefix: aef
2025-03-21 21:30:23,491 - INFO - Exploring prefix: aeg
2025-03-21 21:30:24,335 - INFO - Exploring prefix: aeh
2025-03-21 21:30:25,148 - INFO - Exploring prefix: aei
2025-03-21 21:30:34,339 - INFO - Exploring other endpoints and API versions...
2025-03-21 21:30:34,339 - INFO - Testing endpoint: /v1/autocomplete
2025-03-21 21:30:49,616 - INFO - Starting name extraction...
2025-03-21 21:30:49,616 - INFO - Exploring prefix: a
2025-03-21 21:30:49,826 - INFO - Exploring prefix: aa
2025-03-21 21:30:50,010 - INFO - Exploring prefix: aaa
2025-03-21 21:30:50,776 - INFO - Exploring prefix: aab
2025-03-21 21:30:51,550 - INFO - Exploring prefix: aac
2025-03-21 21:30:52,338 - INFO - Exploring prefix: aad
2025-03-21 21:30:53,095 - INFO - Exploring prefix: aae
2025-03-21 21:30:53,893 - INFO - Exploring prefix: aaf
2025-03-21 21:30:54,697 - INFO - Exploring prefix: aag
2025-03-21 21:30:55,499 - INFO - Exploring prefix: aah
2025-03-21 21:30:56,293 - INFO - Exploring prefix: aai
2025-03-21 21:30:57,103 - INFO - Exploring prefix: aaj
2025-03-21 21:30:57,906 - INFO - Exploring prefix: aak
2025-03-21 21:30:58,701 - INFO - Exploring prefix: aal
2025-03-21 21:30:59,447 - INFO - Exploring prefix: aam
2025-03-21 21:31:00,260 - INFO - Exploring prefix: aan
2025-03-21 21:31:01,054 - INFO - Exploring prefix: aao
2025-03-21 21:31:01,826 - INFO - Exploring prefix: aap
2025-03-21 21:31:02,627 - INFO - Exploring prefix: aaq
2025-03-21 21:31:03,428 - INFO - Exploring prefix: aar
2025-03-21 21:31:04,223 - INFO - Exploring prefix: aas
2025-03-21 21:31:04,985 - INFO - Exploring prefix: aat
2025-03-21 21:31:05,786 - INFO - Exploring prefix: aau
2025-03-21 21:31:06,584 - INFO - Exploring prefix: aav
2025-03-21 21:31:07,393 - INFO - Exploring prefix: aaw
2025-03-21 21:31:08,211 - INFO - Exploring prefix: aax
2025-03-21 21:31:08,979 - INFO - Exploring prefix: aay
2025-03-21 21:31:09,819 - INFO - Exploring prefix: aaz
2025-03-21 21:31:11,224 - INFO - Exploring prefix: ab
2025-03-21 21:31:11,416 - INFO - Exploring prefix: aba
2025-03-21 21:31:12,183 - INFO - Exploring prefix: abb
2025-03-21 21:31:12,977 - INFO - Exploring prefix: abc
2025-03-21 21:31:13,773 - INFO - Exploring prefix: abd
2025-03-21 21:31:14,580 - INFO - Exploring prefix: abe
2025-03-21 21:31:15,395 - INFO - Exploring prefix: abf
2025-03-21 21:31:16,180 - INFO - Exploring prefix: abg
2025-03-21 21:31:16,939 - INFO - Exploring prefix: abh
2025-03-21 21:31:17,754 - INFO - Exploring prefix: abi
2025-03-21 21:31:18,539 - INFO - Exploring prefix: abj
2025-03-21 21:31:19,269 - INFO - Exploring prefix: abk
2025-03-21 21:31:20,068 - INFO - Exploring prefix: abl
2025-03-21 21:31:20,856 - INFO - Exploring prefix: abm
2025-03-21 21:31:21,657 - INFO - Exploring prefix: abn
2025-03-21 21:31:22,456 - INFO - Exploring prefix: abo
2025-03-21 21:31:23,265 - INFO - Exploring prefix: abp
2025-03-21 21:31:24,056 - INFO - Exploring prefix: abq
2025-03-21 21:31:24,858 - INFO - Exploring prefix: abr
2025-03-21 21:31:25,653 - INFO - Exploring prefix: abs
2025-03-21 21:31:26,419 - INFO - Exploring prefix: abt
2025-03-21 21:31:27,216 - INFO - Exploring prefix: abu
2025-03-21 21:31:28,017 - INFO - Exploring prefix: abv
2025-03-21 21:31:28,816 - INFO - Exploring prefix: abw
2025-03-21 21:31:29,619 - INFO - Exploring prefix: abx
2025-03-21 21:31:30,373 - INFO - Exploring prefix: aby
2025-03-21 21:31:31,216 - INFO - Exploring prefix: abz
2025-03-21 21:31:32,627 - INFO - Exploring prefix: ac
2025-03-21 21:31:32,814 - INFO - Exploring prefix: aca
2025-03-21 21:31:33,616 - INFO - Exploring prefix: acb
2025-03-21 21:31:34,417 - INFO - Exploring prefix: acc
2025-03-21 21:31:35,226 - INFO - Exploring prefix: acd
2025-03-21 21:31:35,976 - INFO - Exploring prefix: ace
2025-03-21 21:31:36,793 - INFO - Exploring prefix: acf
2025-03-21 21:31:37,572 - INFO - Exploring prefix: acg
2025-03-21 21:31:38,381 - INFO - Exploring prefix: ach
2025-03-21 21:31:39,174 - INFO - Exploring prefix: aci
2025-03-21 21:31:39,972 - INFO - Exploring prefix: acj
2025-03-21 21:31:40,778 - INFO - Exploring prefix: ack
2025-03-21 21:31:41,576 - INFO - Exploring prefix: acl
2025-03-21 21:31:42,336 - INFO - Exploring prefix: acm
2025-03-21 21:31:43,109 - INFO - Exploring prefix: acn
2025-03-21 21:31:43,901 - INFO - Exploring prefix: aco
2025-03-21 21:31:44,703 - INFO - Exploring prefix: acp
2025-03-21 21:31:45,493 - INFO - Exploring prefix: acq
2025-03-21 21:31:46,295 - INFO - Exploring prefix: acr
2025-03-21 21:31:47,131 - INFO - Exploring prefix: acs
2025-03-21 21:31:47,933 - INFO - Exploring prefix: act
2025-03-21 21:31:48,735 - INFO - Exploring prefix: acu
2025-03-21 21:31:49,534 - INFO - Exploring prefix: acv
2025-03-21 21:31:50,308 - INFO - Exploring prefix: acw
2025-03-21 21:31:51,099 - INFO - Exploring prefix: acx
2025-03-21 21:31:51,893 - INFO - Exploring prefix: acy
2025-03-21 21:31:52,694 - INFO - Exploring prefix: acz
2025-03-21 21:31:54,095 - INFO - Exploring prefix: ad
2025-03-21 21:31:54,296 - INFO - Exploring prefix: ada
2025-03-21 21:31:55,068 - INFO - Exploring prefix: adb
2025-03-21 21:31:55,871 - INFO - Exploring prefix: adc
2025-03-21 21:31:56,658 - INFO - Exploring prefix: add
2025-03-21 21:31:57,460 - INFO - Exploring prefix: ade
2025-03-21 21:31:58,219 - INFO - Exploring prefix: adf
2025-03-21 21:31:59,014 - INFO - Exploring prefix: adg
2025-03-21 21:31:59,811 - INFO - Exploring prefix: adh
2025-03-21 21:32:00,661 - INFO - Exploring prefix: adi
2025-03-21 21:32:01,414 - INFO - Exploring prefix: adj
2025-03-21 21:32:02,171 - INFO - Exploring prefix: adk
2025-03-21 21:32:02,978 - INFO - Exploring prefix: adl
2025-03-21 21:32:03,777 - INFO - Exploring prefix: adm
2025-03-21 21:32:04,576 - INFO - Exploring prefix: adn
2025-03-21 21:32:05,375 - INFO - Exploring prefix: ado
2025-03-21 21:32:06,188 - INFO - Exploring prefix: adp
2025-03-21 21:32:06,976 - INFO - Exploring prefix: adq
2025-03-21 21:32:07,785 - INFO - Exploring prefix: adr
2025-03-21 21:32:08,575 - INFO - Exploring prefix: ads
2025-03-21 21:32:09,328 - INFO - Exploring prefix: adt
2025-03-21 21:32:10,135 - INFO - Exploring prefix: adu
2025-03-21 21:32:10,935 - INFO - Exploring prefix: adv
2025-03-21 21:32:11,742 - INFO - Exploring prefix: adw
2025-03-21 21:32:12,535 - INFO - Exploring prefix: adx
2025-03-21 21:32:13,297 - INFO - Exploring prefix: ady
2025-03-21 21:32:14,096 - INFO - Exploring prefix: adz
2025-03-21 21:32:15,495 - INFO - Exploring prefix: ae
2025-03-21 21:32:15,694 - INFO - Exploring prefix: aea
2025-03-21 21:32:16,458 - INFO - Exploring prefix: aeb
2025-03-21 21:32:17,302 - INFO - Exploring prefix: aec
2025-03-21 21:32:18,094 - INFO - Exploring prefix: aed
2025-03-21 21:32:18,895 - INFO - Exploring prefix: aee
2025-03-21 21:32:19,696 - INFO - Exploring prefix: aef
2025-03-21 21:32:20,498 - INFO - Exploring prefix: aeg
2025-03-21 21:32:21,300 - INFO - Exploring prefix: aeh
2025-03-21 21:32:22,098 - INFO - Exploring prefix: aei
2025-03-21 21:32:22,893 - INFO - Exploring prefix: aej
2025-03-21 21:32:23,658 - INFO - Exploring prefix: aek
2025-03-21 21:32:24,461 - INFO - Exploring prefix: ael
2025-03-21 21:32:25,259 - INFO - Exploring prefix: aem
2025-03-21 21:32:26,061 - INFO - Exploring prefix: aen
2025-03-21 21:32:26,858 - INFO - Exploring prefix: aeo
2025-03-21 21:32:27,659 - INFO - Exploring prefix: aep
2025-03-21 21:32:28,460 - INFO - Exploring prefix: aeq
2025-03-21 21:32:29,255 - INFO - Exploring prefix: aer
2025-03-21 21:32:30,060 - INFO - Exploring prefix: aes
2025-03-21 21:32:30,860 - INFO - Exploring prefix: aet
2025-03-21 21:32:31,661 - INFO - Exploring prefix: aeu
2025-03-21 21:32:32,460 - INFO - Exploring prefix: aev
2025-03-21 21:32:33,259 - INFO - Exploring prefix: aew
2025-03-21 21:32:34,058 - INFO - Exploring prefix: aex
2025-03-21 21:32:34,858 - INFO - Exploring prefix: aey
2025-03-21 21:32:35,658 - INFO - Exploring prefix: aez
2025-03-21 21:32:37,060 - INFO - Exploring prefix: af
2025-03-21 21:32:37,254 - INFO - Exploring prefix: afa
2025-03-21 21:32:38,021 - INFO - Exploring prefix: afb
2025-03-21 21:32:38,810 - INFO - Exploring prefix: afc
2025-03-21 21:32:39,620 - INFO - Exploring prefix: afd
2025-03-21 21:32:40,421 - INFO - Exploring prefix: afe
2025-03-21 21:32:41,214 - INFO - Exploring prefix: aff
2025-03-21 21:32:42,019 - INFO - Exploring prefix: afg
2025-03-21 21:32:42,791 - INFO - Exploring prefix: afh
2025-03-21 21:32:43,577 - INFO - Exploring prefix: afi
2025-03-21 21:32:44,374 - INFO - Exploring prefix: afj
2025-03-21 21:32:45,177 - INFO - Exploring prefix: afk
2025-03-21 21:32:46,020 - INFO - Exploring prefix: afl
2025-03-21 21:32:46,820 - INFO - Exploring prefix: afm
2025-03-21 21:32:47,620 - INFO - Exploring prefix: afn
2025-03-21 21:32:48,419 - INFO - Exploring prefix: afo
2025-03-21 21:32:49,220 - INFO - Exploring prefix: afp
2025-03-21 21:32:50,020 - INFO - Exploring prefix: afq
2025-03-21 21:32:50,816 - INFO - Exploring prefix: afr
2025-03-21 21:32:51,617 - INFO - Exploring prefix: afs
2025-03-21 21:32:52,419 - INFO - Exploring prefix: aft
2025-03-21 21:32:53,215 - INFO - Exploring prefix: afu
2025-03-21 21:32:54,021 - INFO - Exploring prefix: afv
2025-03-21 21:32:54,820 - INFO - Exploring prefix: afw
2025-03-21 21:32:55,619 - INFO - Exploring prefix: afx
2025-03-21 21:32:56,375 - INFO - Exploring prefix: afy
2025-03-21 21:32:57,175 - INFO - Exploring prefix: afz
2025-03-21 21:32:58,575 - INFO - Exploring prefix: ag
2025-03-21 21:32:58,777 - INFO - Exploring prefix: aga
2025-03-21 21:32:59,541 - INFO - Exploring prefix: agb
2025-03-21 21:33:00,304 - INFO - Exploring prefix: agc
2025-03-21 21:33:01,069 - INFO - Exploring prefix: agd
2025-03-21 21:33:01,857 - INFO - Exploring prefix: age
2025-03-21 21:33:02,656 - INFO - Exploring prefix: agf
2025-03-21 21:33:03,464 - INFO - Exploring prefix: agg
2025-03-21 21:33:04,255 - INFO - Exploring prefix: agh
2025-03-21 21:33:05,070 - INFO - Exploring prefix: agi
2025-03-21 21:33:05,856 - INFO - Exploring prefix: agj
2025-03-21 21:33:06,662 - INFO - Exploring prefix: agk
2025-03-21 21:33:07,457 - INFO - Exploring prefix: agl
2025-03-21 21:33:08,255 - INFO - Exploring prefix: agm
2025-03-21 21:33:09,056 - INFO - Exploring prefix: agn
2025-03-21 21:33:09,857 - INFO - Exploring prefix: ago
2025-03-21 21:33:10,657 - INFO - Exploring prefix: agp
2025-03-21 21:33:11,418 - INFO - Exploring prefix: agq
2025-03-21 21:33:12,182 - INFO - Exploring prefix: agr
2025-03-21 21:33:12,981 - INFO - Exploring prefix: ags
2025-03-21 21:33:13,777 - INFO - Exploring prefix: agt
2025-03-21 21:33:14,587 - INFO - Exploring prefix: agu
2025-03-21 21:33:15,386 - INFO - Exploring prefix: agv
2025-03-21 21:33:16,177 - INFO - Exploring prefix: agw
2025-03-21 21:33:16,978 - INFO - Exploring prefix: agx
2025-03-21 21:33:17,775 - INFO - Exploring prefix: agy
2025-03-21 21:33:18,578 - INFO - Exploring prefix: agz
2025-03-21 21:33:19,981 - INFO - Exploring prefix: ah
2025-03-21 21:33:20,175 - INFO - Exploring prefix: aha
2025-03-21 21:33:20,907 - INFO - Exploring prefix: ahb
2025-03-21 21:33:21,697 - INFO - Exploring prefix: ahc
2025-03-21 21:33:22,497 - INFO - Exploring prefix: ahd
2025-03-21 21:33:23,301 - INFO - Exploring prefix: ahe
2025-03-21 21:33:24,096 - INFO - Exploring prefix: ahf
2025-03-21 21:33:24,907 - INFO - Exploring prefix: ahg
2025-03-21 21:33:25,741 - INFO - Exploring prefix: ahh
2025-03-21 21:33:26,537 - INFO - Exploring prefix: ahi
2025-03-21 21:33:27,305 - INFO - Exploring prefix: ahj
2025-03-21 21:33:28,107 - INFO - Exploring prefix: ahk
2025-03-21 21:33:28,878 - INFO - Exploring prefix: ahl
2025-03-21 21:33:29,662 - INFO - Exploring prefix: ahm
2025-03-21 21:33:30,463 - INFO - Exploring prefix: ahn
2025-03-21 21:33:31,260 - INFO - Exploring prefix: aho
2025-03-21 21:33:32,062 - INFO - Exploring prefix: ahp
2025-03-21 21:33:32,861 - INFO - Exploring prefix: ahq
2025-03-21 21:33:33,663 - INFO - Exploring prefix: ahr
2025-03-21 21:33:34,461 - INFO - Exploring prefix: ahs
2025-03-21 21:33:35,263 - INFO - Exploring prefix: aht
2025-03-21 21:33:36,030 - INFO - Exploring prefix: ahu
2025-03-21 21:33:36,824 - INFO - Exploring prefix: ahv
2025-03-21 21:33:37,622 - INFO - Exploring prefix: ahw
2025-03-21 21:33:38,422 - INFO - Exploring prefix: ahx
2025-03-21 21:33:39,221 - INFO - Exploring prefix: ahy
2025-03-21 21:33:40,021 - INFO - Exploring prefix: ahz
2025-03-21 21:33:41,421 - INFO - Exploring prefix: ai
2025-03-21 21:33:41,618 - INFO - Exploring prefix: aia
2025-03-21 21:33:42,386 - INFO - Exploring prefix: aib
2025-03-21 21:33:43,181 - INFO - Exploring prefix: aic
2025-03-21 21:33:44,021 - INFO - Exploring prefix: aid
2025-03-21 21:33:44,818 - INFO - Exploring prefix: aie
2025-03-21 21:33:45,589 - INFO - Exploring prefix: aif
2025-03-21 21:33:46,381 - INFO - Exploring prefix: aig
2025-03-21 21:33:47,177 - INFO - Exploring prefix: aih
2025-03-21 21:33:47,951 - INFO - Exploring prefix: aii
2025-03-21 21:33:48,737 - INFO - Exploring prefix: aij
2025-03-21 21:33:49,539 - INFO - Exploring prefix: aik
2025-03-21 21:33:50,337 - INFO - Exploring prefix: ail
2025-03-21 21:33:51,075 - INFO - Exploring prefix: aim
2025-03-21 21:33:51,858 - INFO - Exploring prefix: ain
2025-03-21 21:33:52,660 - INFO - Exploring prefix: aio
2025-03-21 21:33:53,422 - INFO - Exploring prefix: aip
2025-03-21 21:33:54,225 - INFO - Exploring prefix: aiq
2025-03-21 21:33:55,019 - INFO - Exploring prefix: air
2025-03-21 21:33:55,782 - INFO - Exploring prefix: ais
2025-03-21 21:33:56,578 - INFO - Exploring prefix: ait
2025-03-21 21:33:57,338 - INFO - Exploring prefix: aiu
2025-03-21 21:33:58,102 - INFO - Exploring prefix: aiv
2025-03-21 21:33:58,900 - INFO - Exploring prefix: aiw
2025-03-21 21:33:59,697 - INFO - Exploring prefix: aix
2025-03-21 21:34:00,466 - INFO - Exploring prefix: aiy
2025-03-21 21:34:01,261 - INFO - Exploring prefix: aiz
2025-03-21 21:34:02,663 - INFO - Exploring prefix: aj
2025-03-21 21:34:02,822 - INFO - Exploring prefix: aja
2025-03-21 21:34:03,587 - INFO - Exploring prefix: ajb
2025-03-21 21:34:04,377 - INFO - Exploring prefix: ajc
2025-03-21 21:34:05,179 - INFO - Exploring prefix: ajd
2025-03-21 21:34:05,943 - INFO - Exploring prefix: aje
2025-03-21 21:34:06,738 - INFO - Exploring prefix: ajf
2025-03-21 21:34:07,500 - INFO - Exploring prefix: ajg
2025-03-21 21:34:08,301 - INFO - Exploring prefix: ajh
2025-03-21 21:34:09,108 - INFO - Exploring prefix: aji
2025-03-21 21:34:09,937 - INFO - Exploring prefix: ajj
2025-03-21 21:34:10,743 - INFO - Exploring prefix: ajk
2025-03-21 21:34:11,540 - INFO - Exploring prefix: ajl
2025-03-21 21:34:12,300 - INFO - Exploring prefix: ajm
2025-03-21 21:34:13,107 - INFO - Exploring prefix: ajn
2025-03-21 21:34:13,899 - INFO - Exploring prefix: ajo
2025-03-21 21:34:14,713 - INFO - Exploring prefix: ajp
2025-03-21 21:34:15,503 - INFO - Exploring prefix: ajq
2025-03-21 21:34:16,341 - INFO - Exploring prefix: ajr
2025-03-21 21:34:17,141 - INFO - Exploring prefix: ajs
2025-03-21 21:34:17,941 - INFO - Exploring prefix: ajt
2025-03-21 21:34:18,741 - INFO - Exploring prefix: aju
2025-03-21 21:34:19,503 - INFO - Exploring prefix: ajv
2025-03-21 21:34:20,302 - INFO - Exploring prefix: ajw
2025-03-21 21:34:21,100 - INFO - Exploring prefix: ajx
2025-03-21 21:34:21,899 - INFO - Exploring prefix: ajy
2025-03-21 21:34:22,698 - INFO - Exploring prefix: ajz
2025-03-21 21:34:24,100 - INFO - Exploring prefix: ak
2025-03-21 21:34:24,299 - INFO - Exploring prefix: aka
2025-03-21 21:34:25,099 - INFO - Exploring prefix: akb
2025-03-21 21:34:25,900 - INFO - Exploring prefix: akc
2025-03-21 21:34:26,698 - INFO - Exploring prefix: akd
2025-03-21 21:34:27,541 - INFO - Exploring prefix: ake
